<?xml version="1.0" encoding="UTF-8"?>
<!-- Generated by org.testng.reporters.JUnitXMLReporter -->
<testsuite hostname="ARPGL007078" ignored="0" name="HomePageTest" tests="4" failures="4" timestamp="03 Jan 2022 15:28:15 GMT" time="18.505" errors="0">
  <testcase name="viewDashboard" time="0.009" classname="com.pom.testCases.HomePageTest">
    <failure type="java.lang.NullPointerException">
      <![CDATA[java.lang.NullPointerException
at common.BaseClass.findElement(BaseClass.java:131)
at common.BaseClass.loginCommon(BaseClass.java:107)
at com.pom.testCases.HomePageTest.viewDashboard(HomePageTest.java:20)
... Removed 25 stack frames]]>
    </failure>
  </testcase> <!-- viewDashboard -->
  <testcase name="checkLogo" time="0.001" classname="com.pom.testCases.HomePageTest">
    <failure type="java.lang.NullPointerException">
      <![CDATA[java.lang.NullPointerException
at common.BaseClass.findElement(BaseClass.java:131)
at common.BaseClass.loginCommon(BaseClass.java:107)
at com.pom.testCases.HomePageTest.checkLogo(HomePageTest.java:52)
... Removed 25 stack frames]]>
    </failure>
  </testcase> <!-- checkLogo -->
  <testcase name="marketMenu" time="0.001" classname="com.pom.testCases.HomePageTest">
    <failure type="java.lang.NullPointerException">
      <![CDATA[java.lang.NullPointerException
at common.BaseClass.findElement(BaseClass.java:131)
at common.BaseClass.loginCommon(BaseClass.java:107)
at com.pom.testCases.HomePageTest.marketMenu(HomePageTest.java:78)
... Removed 25 stack frames]]>
    </failure>
  </testcase> <!-- marketMenu -->
  <testcase name="checkNotifications" time="0.001" classname="com.pom.testCases.HomePageTest">
    <failure type="java.lang.NullPointerException">
      <![CDATA[java.lang.NullPointerException
at common.BaseClass.findElement(BaseClass.java:131)
at common.BaseClass.loginCommon(BaseClass.java:107)
at com.pom.testCases.HomePageTest.checkNotifications(HomePageTest.java:99)
... Removed 25 stack frames]]>
    </failure>
  </testcase> <!-- checkNotifications -->
</testsuite> <!-- HomePageTest -->
