<?xml version="1.0" encoding="UTF-8"?>
<!-- Generated by org.testng.reporters.JUnitXMLReporter -->
<testsuite hostname="ARPGL007078" ignored="0" name="LeavePageTest" tests="4" failures="4" timestamp="03 Jan 2022 15:24:08 GMT" time="18.568" errors="0">
  <testcase name="verifySearchfunction" time="0.005" classname="com.pom.testCases.LeaveTest">
    <failure type="java.lang.NullPointerException">
      <![CDATA[java.lang.NullPointerException
at common.BaseClass.findElement(BaseClass.java:131)
at common.BaseClass.loginCommon(BaseClass.java:107)
at com.pom.testCases.LeaveTest.verifySearchfunction(LeaveTest.java:23)
... Removed 25 stack frames]]>
    </failure>
  </testcase> <!-- verifySearchfunction -->
  <testcase name="dateTimePicker" time="0.0" classname="com.pom.testCases.LeaveTest">
    <failure type="java.lang.NullPointerException">
      <![CDATA[java.lang.NullPointerException
at common.BaseClass.findElement(BaseClass.java:131)
at common.BaseClass.loginCommon(BaseClass.java:107)
at com.pom.testCases.LeaveTest.dateTimePicker(LeaveTest.java:49)
... Removed 25 stack frames]]>
    </failure>
  </testcase> <!-- dateTimePicker -->
  <testcase name="monthDateVerify" time="0.0" classname="com.pom.testCases.LeaveTest">
    <failure type="java.lang.NullPointerException">
      <![CDATA[java.lang.NullPointerException
at common.BaseClass.findElement(BaseClass.java:131)
at common.BaseClass.loginCommon(BaseClass.java:107)
at com.pom.testCases.LeaveTest.monthDateVerify(LeaveTest.java:69)
... Removed 25 stack frames]]>
    </failure>
  </testcase> <!-- monthDateVerify -->
  <testcase name="holidaySetfunction" time="0.0" classname="com.pom.testCases.LeaveTest">
    <failure type="java.lang.NullPointerException">
      <![CDATA[java.lang.NullPointerException
at common.BaseClass.findElement(BaseClass.java:131)
at common.BaseClass.loginCommon(BaseClass.java:107)
at com.pom.testCases.LeaveTest.holidaySetfunction(LeaveTest.java:92)
... Removed 25 stack frames]]>
    </failure>
  </testcase> <!-- holidaySetfunction -->
</testsuite> <!-- LeavePageTest -->
